2021-08-17 06:48:36,396 DEBUG c.t.a.Account [main] Updated
2021-08-17 08:50:39,697 INFO c.t.a.Account [main] Enter Account id and amount to deposit
2021-08-17 08:51:39,624 INFO c.t.a.Account [main] Enter Account id and amount to deposit
2021-08-17 08:51:46,493 INFO c.t.a.Account [main] 19000
2021-08-17 08:59:22,905 INFO c.t.a.Account [main] Enter Account id and amount to deposit
2021-08-17 08:59:33,432 INFO c.t.a.Account [main] Insufficient Balance
2021-08-17 09:18:00,680 INFO c.t.a.Account [main] Enter Owner name
2021-08-17 09:18:13,851 INFO c.t.a.Account [main] Enter amount
2021-08-17 09:18:18,652 INFO c.t.a.Account [main] Enter Account Status
2021-08-17 09:18:25,531 INFO c.t.a.Account [main] Enter Account type
2021-08-17 09:18:30,491 INFO c.t.a.Account [main] Enter City
2021-08-17 09:18:34,816 INFO c.t.a.Account [main] Enter State
2021-08-17 09:18:39,936 INFO c.t.a.Account [main] Enter pin
2021-08-17 09:18:48,641 INFO c.t.a.Account [main] Enter house num
2021-08-17 09:18:52,571 INFO c.t.a.Account [main] Enter 10 digit mob num
2021-08-17 09:18:57,781 INFO c.t.a.Account [main] Enter street name
2021-08-17 09:20:50,426 INFO c.t.a.Account [main] Enter Owner name
2021-08-17 09:20:55,132 INFO c.t.a.Account [main] Enter amount
2021-08-17 09:20:58,177 INFO c.t.a.Account [main] Enter Account Status
2021-08-17 09:21:03,041 INFO c.t.a.Account [main] Enter Account type
2021-08-17 09:21:05,211 INFO c.t.a.Account [main] Enter City
2021-08-17 09:21:08,171 INFO c.t.a.Account [main] Enter State
2021-08-17 09:21:11,381 INFO c.t.a.Account [main] Enter pin
2021-08-17 09:21:15,521 INFO c.t.a.Account [main] Enter house num
2021-08-17 09:21:19,931 INFO c.t.a.Account [main] Enter 10 digit mob num
2021-08-17 09:22:24,644 INFO c.t.a.Account [main] Enter Owner name
2021-08-17 09:22:34,172 INFO c.t.a.Account [main] Enter amount
2021-08-17 09:22:36,412 INFO c.t.a.Account [main] Enter Account Status
2021-08-17 09:22:36,412 INFO c.t.a.Account [main] Enter Account type
2021-08-17 09:23:07,012 INFO c.t.a.Account [main] Enter Owner name
2021-08-17 09:23:12,972 INFO c.t.a.Account [main] Enter amount
2021-08-17 09:23:15,522 INFO c.t.a.Account [main] Enter Account Status
2021-08-17 09:23:19,052 INFO c.t.a.Account [main] Enter Account type
2021-08-17 09:23:23,451 INFO c.t.a.Account [main] Enter City
2021-08-17 09:23:26,491 INFO c.t.a.Account [main] Enter State
2021-08-17 09:23:31,211 INFO c.t.a.Account [main] Enter pin
2021-08-17 09:23:39,226 INFO c.t.a.Account [main] Enter house num
2021-08-17 09:23:45,131 INFO c.t.a.Account [main] Enter 10 digit mob num
2021-08-17 09:24:17,129 INFO c.t.a.Account [main] Enter Owner name
2021-08-17 09:24:22,907 INFO c.t.a.Account [main] Enter amount
2021-08-17 09:24:25,857 INFO c.t.a.Account [main] Enter Account Status
2021-08-17 09:24:32,251 INFO c.t.a.Account [main] Enter Account type
2021-08-17 09:24:36,241 INFO c.t.a.Account [main] Enter City
2021-08-17 09:24:41,691 INFO c.t.a.Account [main] Enter State
2021-08-17 09:24:44,721 INFO c.t.a.Account [main] Enter pin
2021-08-17 09:24:48,416 INFO c.t.a.Account [main] Enter house num
2021-08-17 09:24:51,862 INFO c.t.a.Account [main] Enter 10 digit mob num
2021-08-17 09:24:59,531 INFO c.t.a.Account [main] Enter street name
2021-08-17 09:25:42,550 INFO c.t.a.Account [main] Enter Owner name
2021-08-17 09:25:48,981 INFO c.t.a.Account [main] Enter amount
2021-08-17 09:25:51,141 INFO c.t.a.Account [main] Enter Account Status
2021-08-17 09:25:57,931 INFO c.t.a.Account [main] Enter Account type
2021-08-17 09:26:01,612 INFO c.t.a.Account [main] Enter City
2021-08-17 09:26:04,331 INFO c.t.a.Account [main] Enter State
2021-08-17 09:26:08,331 INFO c.t.a.Account [main] Enter pin
2021-08-17 09:26:13,461 INFO c.t.a.Account [main] Enter house num
2021-08-17 09:26:16,016 INFO c.t.a.Account [main] Enter 10 digit mob num
2021-08-17 09:26:20,891 INFO c.t.a.Account [main] Enter street name
2021-08-17 09:31:37,774 INFO c.t.a.Account [main] Enter Owner name
2021-08-17 09:31:46,652 INFO c.t.a.Account [main] Enter amount
2021-08-17 09:31:49,051 INFO c.t.a.Account [main] Enter Account Status
2021-08-17 09:31:52,330 INFO c.t.a.Account [main] Enter Account type
2021-08-17 09:31:55,521 INFO c.t.a.Account [main] Enter City
2021-08-17 09:31:58,571 INFO c.t.a.Account [main] Enter State
2021-08-17 09:32:03,041 INFO c.t.a.Account [main] Enter pin
2021-08-17 09:32:10,731 INFO c.t.a.Account [main] Enter house num
2021-08-17 09:32:13,680 INFO c.t.a.Account [main] Enter 10 digit mob num
2021-08-17 09:32:18,971 INFO c.t.a.Account [main] Enter street name
2021-08-17 09:35:30,241 INFO c.t.a.Account [main] Enter Owner name
2021-08-17 09:35:32,812 INFO c.t.a.Account [main] Enter amount
2021-08-17 09:35:35,292 INFO c.t.a.Account [main] Enter Account Status
2021-08-17 09:35:38,499 INFO c.t.a.Account [main] Enter Account type
2021-08-17 09:35:41,456 INFO c.t.a.Account [main] Enter City
2021-08-17 09:35:44,172 INFO c.t.a.Account [main] Enter State
2021-08-17 09:35:47,210 INFO c.t.a.Account [main] Enter pin
2021-08-17 09:35:50,891 INFO c.t.a.Account [main] Enter house num
2021-08-17 09:35:53,051 INFO c.t.a.Account [main] Enter 10 digit mob num
2021-08-17 09:35:57,297 INFO c.t.a.Account [main] Enter street name
2021-08-17 09:38:47,287 INFO c.t.a.Account [main] Enter Owner name
2021-08-17 09:38:51,611 INFO c.t.a.Account [main] Enter amount
2021-08-17 09:38:54,331 INFO c.t.a.Account [main] Enter Account Status
2021-08-17 09:38:58,811 INFO c.t.a.Account [main] Enter Account type
2021-08-17 09:39:04,971 INFO c.t.a.Account [main] Enter City
2021-08-17 09:39:08,010 INFO c.t.a.Account [main] Enter State
2021-08-17 09:39:12,411 INFO c.t.a.Account [main] Enter pin
2021-08-17 09:39:18,176 INFO c.t.a.Account [main] Enter house num
2021-08-17 09:39:20,191 INFO c.t.a.Account [main] Enter 10 digit mob num
2021-08-17 09:39:24,811 INFO c.t.a.Account [main] Enter street name
2021-08-17 09:40:34,792 INFO c.t.a.Account [main] Enter Owner name
2021-08-17 09:40:37,456 INFO c.t.a.Account [main] Enter amount
2021-08-17 09:40:40,506 INFO c.t.a.Account [main] Enter Account Status
2021-08-17 09:40:45,371 INFO c.t.a.Account [main] Enter Account type
2021-08-17 09:40:48,411 INFO c.t.a.Account [main] Enter City
2021-08-17 09:40:51,136 INFO c.t.a.Account [main] Enter State
2021-08-17 09:40:56,576 INFO c.t.a.Account [main] Enter pin
2021-08-17 09:41:00,106 INFO c.t.a.Account [main] Enter house num
2021-08-17 09:41:02,585 INFO c.t.a.Account [main] Enter 10 digit mob num
2021-08-17 09:41:06,666 INFO c.t.a.Account [main] Enter street name
2021-08-17 09:42:31,888 INFO c.t.a.Account [main] Enter Owner name
2021-08-17 09:42:34,882 INFO c.t.a.Account [main] Enter amount
2021-08-17 09:42:37,297 INFO c.t.a.Account [main] Enter Account Status
2021-08-17 09:42:41,061 INFO c.t.a.Account [main] Enter Account type
2021-08-17 09:42:44,492 INFO c.t.a.Account [main] Enter City
2021-08-17 09:42:47,211 INFO c.t.a.Account [main] Enter State
2021-08-17 09:42:50,097 INFO c.t.a.Account [main] Enter pin
2021-08-17 09:42:55,066 INFO c.t.a.Account [main] Enter house num
2021-08-17 09:42:57,201 INFO c.t.a.Account [main] Enter 10 digit mob num
2021-08-17 09:43:01,141 INFO c.t.a.Account [main] Enter street name
2021-08-17 09:45:16,618 INFO c.t.a.Account [main] Enter Account id and amount to deposit
